<?xml version="1.0" encoding="UTF-8"?>
<testsuite name="com.yugwa.backend.YugwaApplicationTests" tests="1" skipped="0" failures="0" errors="0" timestamp="2024-10-16T08:21:46" hostname="DESKTOP-MMCQPV1" time="0.271">
  <properties/>
  <testcase name="contextLoads()" classname="com.yugwa.backend.YugwaApplicationTests" time="0.271"/>
  <system-out><![CDATA[17:21:41.077 [Test worker] INFO org.springframework.test.context.support.AnnotationConfigContextLoaderUtils -- Could not detect default configuration classes for test class [com.yugwa.backend.YugwaApplicationTests]: YugwaApplicationTests does not declare any static, non-private, non-final, nested classes annotated with @Configuration.
17:21:41.158 [Test worker] INFO org.springframework.boot.test.context.SpringBootTestContextBootstrapper -- Found @SpringBootConfiguration com.yugwa.backend.YugwaApplication for test class com.yugwa.backend.YugwaApplicationTests

  .   ____          _            __ _ _
 /\\ / ___'_ __ _ _(_)_ __  __ _ \ \ \ \
( ( )\___ | '_ | '_| | '_ \/ _` | \ \ \ \
 \\/  ___)| |_)| | | | | || (_| |  ) ) ) )
  '  |____| .__|_| |_|_| |_\__, | / / / /
 =========|_|==============|___/=/_/_/_/

 :: Spring Boot ::                (v3.3.3)

2024-10-16T17:21:41.416+09:00  WARN 23656 --- [Back-end] [    Test worker] ory$DuplicateJsonObjectContextCustomizer : 

Found multiple occurrences of org.json.JSONObject on the class path:

	jar:file:/C:/Users/SSAFY/.gradle/caches/modules-2/files-2.1/org.json/json/20231013/e22e0c040fe16f04ffdb85d851d77b07fc05ea52/json-20231013.jar!/org/json/JSONObject.class
	jar:file:/C:/Users/SSAFY/.gradle/caches/modules-2/files-2.1/com.vaadin.external.google/android-json/0.0.20131108.vaadin1/fa26d351fe62a6a17f5cda1287c1c6110dec413f/android-json-0.0.20131108.vaadin1.jar!/org/json/JSONObject.class

You may wish to exclude one of them to ensure predictable runtime behavior

2024-10-16T17:21:41.424+09:00  INFO 23656 --- [Back-end] [    Test worker] c.yugwa.backend.YugwaApplicationTests    : Starting YugwaApplicationTests using Java 17.0.11 with PID 23656 (started by SSAFY in C:\Users\SSAFY\Desktop\hackathon\Yugwa)
2024-10-16T17:21:41.425+09:00  INFO 23656 --- [Back-end] [    Test worker] c.yugwa.backend.YugwaApplicationTests    : The following 1 profile is active: "key"
2024-10-16T17:21:42.035+09:00  INFO 23656 --- [Back-end] [    Test worker] .s.d.r.c.RepositoryConfigurationDelegate : Bootstrapping Spring Data JPA repositories in DEFAULT mode.
2024-10-16T17:21:42.096+09:00  INFO 23656 --- [Back-end] [    Test worker] .s.d.r.c.RepositoryConfigurationDelegate : Finished Spring Data repository scanning in 55 ms. Found 4 JPA repository interfaces.
2024-10-16T17:21:42.361+09:00  WARN 23656 --- [Back-end] [    Test worker] trationDelegate$BeanPostProcessorChecker : Bean 'org.springframework.ws.config.annotation.DelegatingWsConfiguration' of type [org.springframework.ws.config.annotation.DelegatingWsConfiguration$$SpringCGLIB$$0] is not eligible for getting processed by all BeanPostProcessors (for example: not eligible for auto-proxying). The currently created BeanPostProcessor [annotationActionEndpointMapping] is declared through a non-static factory method on that class; consider declaring it as static instead.
2024-10-16T17:21:42.387+09:00  INFO 23656 --- [Back-end] [    Test worker] .w.s.a.s.AnnotationActionEndpointMapping : Supporting [WS-Addressing August 2004, WS-Addressing 1.0]
2024-10-16T17:21:42.687+09:00  INFO 23656 --- [Back-end] [    Test worker] o.hibernate.jpa.internal.util.LogHelper  : HHH000204: Processing PersistenceUnitInfo [name: default]
2024-10-16T17:21:42.809+09:00  INFO 23656 --- [Back-end] [    Test worker] org.hibernate.Version                    : HHH000412: Hibernate ORM core version 6.5.2.Final
2024-10-16T17:21:42.885+09:00  INFO 23656 --- [Back-end] [    Test worker] o.h.c.internal.RegionFactoryInitiator    : HHH000026: Second-level cache disabled
2024-10-16T17:21:43.033+09:00  INFO 23656 --- [Back-end] [    Test worker] com.zaxxer.hikari.HikariDataSource       : HikariPool-1 - Starting...
2024-10-16T17:21:43.233+09:00  INFO 23656 --- [Back-end] [    Test worker] com.zaxxer.hikari.pool.HikariPool        : HikariPool-1 - Added connection org.postgresql.jdbc.PgConnection@6fd9dbe6
2024-10-16T17:21:43.234+09:00  INFO 23656 --- [Back-end] [    Test worker] com.zaxxer.hikari.HikariDataSource       : HikariPool-1 - Start completed.
2024-10-16T17:21:43.496+09:00  INFO 23656 --- [Back-end] [    Test worker] o.s.o.j.p.SpringPersistenceUnitInfo      : No LoadTimeWeaver setup: ignoring JPA class transformer
2024-10-16T17:21:44.032+09:00  INFO 23656 --- [Back-end] [    Test worker] o.h.e.t.j.p.i.JtaPlatformInitiator       : HHH000489: No JTA platform available (set 'hibernate.transaction.jta.platform' to enable JTA platform integration)
2024-10-16T17:21:44.069+09:00  INFO 23656 --- [Back-end] [    Test worker] j.LocalContainerEntityManagerFactoryBean : Initialized JPA EntityManagerFactory for persistence unit 'default'
2024-10-16T17:21:44.947+09:00  INFO 23656 --- [Back-end] [    Test worker] r$InitializeUserDetailsManagerConfigurer : Global AuthenticationManager configured with UserDetailsService bean with name customUserDetailsService
2024-10-16T17:21:46.471+09:00  WARN 23656 --- [Back-end] [    Test worker] ion$DefaultTemplateResolverConfiguration : Cannot find template location: classpath:/templates/ (please add some templates, check your Thymeleaf configuration, or set spring.thymeleaf.check-template-location=false)
2024-10-16T17:21:46.639+09:00  INFO 23656 --- [Back-end] [    Test worker] c.yugwa.backend.YugwaApplicationTests    : Started YugwaApplicationTests in 5.373 seconds (process running for 6.229)
]]></system-out>
  <system-err><![CDATA[]]></system-err>
</testsuite>
